nohup: ignoring input

================================================================================
                    RANDOM FOREST BASELINE  —  iotids Library                   
                   No TensorFlow · No scikit-learn · No pandas                  
================================================================================

================================================================================
LOADING CIC-IDS-2017 DATASET
================================================================================

  Loading: processed_reduced/clean_dataset.csv
  Loaded 2,830,743 rows, 25 columns

  Class distribution:
    0.0                                  2,273,097  (80.30%)
    1.0                                    557,646  (19.70%)

================================================================================
                             REPEAT 1 / 5  (seed=42)                            
================================================================================

  Stratified 10% sample (seed=42)...
  Sample size: 283,073

--- Preprocessing ---
  Samples: 283,073  |  Benign: 227,309  |  Attack: 55,764
  Train: 198,153  Val: 28,307  Test: 56,613

--- Training (n_estimators=100, max_depth=20) ---
  Parallel training: 100 trees across 20/20 cores...
  Done in 106.41s

--- Evaluating TRAIN ---

--- Evaluating VALIDATION ---

--- Evaluating TEST ---

  [Repeat 1] Acc=99.63%  Prec=0.9880  Rec=0.9931  F1=0.9906  AUC=0.9997  FPR=0.0029  FNR=0.0069  Time=106.4s

  Model  saved: models/iotids_rf/iotids_rf_model_repeat1.bin
  Scaler saved: models/iotids_rf/iotids_rf_scaler_repeat1.bin

================================================================================
                             REPEAT 2 / 5  (seed=43)                            
================================================================================

  Stratified 10% sample (seed=43)...
  Sample size: 283,073

--- Preprocessing ---
  Samples: 283,073  |  Benign: 227,309  |  Attack: 55,764
  Train: 198,153  Val: 28,307  Test: 56,613

--- Training (n_estimators=100, max_depth=20) ---
  Parallel training: 100 trees across 20/20 cores...
  Done in 111.77s

--- Evaluating TRAIN ---

--- Evaluating VALIDATION ---

--- Evaluating TEST ---

  [Repeat 2] Acc=99.57%  Prec=0.9860  Rec=0.9923  F1=0.9891  AUC=0.9997  FPR=0.0035  FNR=0.0077  Time=111.8s

  Model  saved: models/iotids_rf/iotids_rf_model_repeat2.bin
  Scaler saved: models/iotids_rf/iotids_rf_scaler_repeat2.bin

================================================================================
                             REPEAT 3 / 5  (seed=44)                            
================================================================================

  Stratified 10% sample (seed=44)...
  Sample size: 283,073

--- Preprocessing ---
  Samples: 283,073  |  Benign: 227,309  |  Attack: 55,764
  Train: 198,153  Val: 28,307  Test: 56,613

--- Training (n_estimators=100, max_depth=20) ---
  Parallel training: 100 trees across 20/20 cores...
  Done in 116.23s

--- Evaluating TRAIN ---

--- Evaluating VALIDATION ---

--- Evaluating TEST ---

  [Repeat 3] Acc=99.63%  Prec=0.9894  Rec=0.9917  F1=0.9905  AUC=0.9997  FPR=0.0026  FNR=0.0083  Time=116.2s

  Model  saved: models/iotids_rf/iotids_rf_model_repeat3.bin
  Scaler saved: models/iotids_rf/iotids_rf_scaler_repeat3.bin

================================================================================
                             REPEAT 4 / 5  (seed=45)                            
================================================================================

  Stratified 10% sample (seed=45)...
  Sample size: 283,073

--- Preprocessing ---
  Samples: 283,073  |  Benign: 227,309  |  Attack: 55,764
  Train: 198,153  Val: 28,307  Test: 56,613

--- Training (n_estimators=100, max_depth=20) ---
  Parallel training: 100 trees across 20/20 cores...
  Done in 109.89s

--- Evaluating TRAIN ---

--- Evaluating VALIDATION ---

--- Evaluating TEST ---

  [Repeat 4] Acc=99.64%  Prec=0.9885  Rec=0.9935  F1=0.9910  AUC=0.9997  FPR=0.0028  FNR=0.0065  Time=109.9s

  Model  saved: models/iotids_rf/iotids_rf_model_repeat4.bin
  Scaler saved: models/iotids_rf/iotids_rf_scaler_repeat4.bin

================================================================================
                             REPEAT 5 / 5  (seed=46)                            
================================================================================

  Stratified 10% sample (seed=46)...
  Sample size: 283,073

--- Preprocessing ---
  Samples: 283,073  |  Benign: 227,309  |  Attack: 55,764
  Train: 198,153  Val: 28,307  Test: 56,613

--- Training (n_estimators=100, max_depth=20) ---
  Parallel training: 100 trees across 20/20 cores...
  Done in 109.13s

--- Evaluating TRAIN ---

--- Evaluating VALIDATION ---

--- Evaluating TEST ---

  [Repeat 5] Acc=99.61%  Prec=0.9869  Rec=0.9935  F1=0.9902  AUC=0.9997  FPR=0.0032  FNR=0.0065  Time=109.1s

  Model  saved: models/iotids_rf/iotids_rf_model_repeat5.bin
  Scaler saved: models/iotids_rf/iotids_rf_scaler_repeat5.bin

================================================================================
                                 RESULTS SUMMARY                                
================================================================================

  Repeats : 5  |  Sample  : 10%  |  Samples/run ~0

  Metric               Mean       ±Std  Runs
  ------------------------------------------------------------
  accuracy           0.9962     0.0003  [0.9963  0.9957  0.9963  0.9964  0.9961]
  precision          0.9878     0.0013  [0.9880  0.9860  0.9894  0.9885  0.9869]
  recall             0.9928     0.0008  [0.9931  0.9923  0.9917  0.9935  0.9935]
  f1                 0.9903     0.0007  [0.9906  0.9891  0.9905  0.9910  0.9902]
  auc                0.9997     0.0000  [0.9997  0.9997  0.9997  0.9997  0.9997]
  fpr                0.0030     0.0003  [0.0029  0.0035  0.0026  0.0028  0.0032]
  fnr                0.0072     0.0008  [0.0069  0.0077  0.0083  0.0065  0.0065]

  Train time         110.68s      3.65s

  Varun (2025) baseline : 99.2%
  iotids best result    : 99.64%

  Status: PASS — ready for federated learning

  Results saved: results/iotids_rf/rf_results.json

================================================================================

